<?xml version="1.0" encoding="UTF-8"?>
<robot generator="Robot 4.1.2 (Python 3.10.0 on win32)" generated="20211120 19:47:54.671" rpa="false" schemaversion="2">
<suite id="s1" name="Conta" source="C:\RobotXpert\qaninja_robotframework_from0\start\conta.robot">
<test id="s1-t1" name="ZERO BALANCE">
<kw name="Abrir Conta" library="ContaLibrary">
<status status="PASS" starttime="20211120 19:47:54.699" endtime="20211120 19:47:54.699"/>
</kw>
<kw name="Obter Saldo" library="ContaLibrary">
<var>${saldo_final}</var>
<msg timestamp="20211120 19:47:54.700" level="INFO">${saldo_final} = 0.0</msg>
<status status="PASS" starttime="20211120 19:47:54.700" endtime="20211120 19:47:54.700"/>
</kw>
<kw name="Convert To Number" library="BuiltIn">
<var>${saldo_esperado}</var>
<arg>0.0</arg>
<doc>Converts the given item to a floating point number.</doc>
<msg timestamp="20211120 19:47:54.700" level="INFO">${saldo_esperado} = 0.0</msg>
<status status="PASS" starttime="20211120 19:47:54.700" endtime="20211120 19:47:54.700"/>
</kw>
<kw name="Should Be Equal" library="BuiltIn">
<arg>${saldo_final}</arg>
<arg>${saldo_esperado}</arg>
<doc>Fails if the given objects are unequal.</doc>
<status status="PASS" starttime="20211120 19:47:54.700" endtime="20211120 19:47:54.701"/>
</kw>
<status status="PASS" starttime="20211120 19:47:54.699" endtime="20211120 19:47:54.701"/>
</test>
<test id="s1-t2" name="Deposit">
<kw name="Abrir Conta" library="ContaLibrary">
<status status="PASS" starttime="20211120 19:47:54.702" endtime="20211120 19:47:54.702"/>
</kw>
<kw name="Convert To Number" library="BuiltIn">
<var>${valor_deposito}</var>
<arg>100</arg>
<doc>Converts the given item to a floating point number.</doc>
<msg timestamp="20211120 19:47:54.703" level="INFO">${valor_deposito} = 100.0</msg>
<status status="PASS" starttime="20211120 19:47:54.702" endtime="20211120 19:47:54.703"/>
</kw>
<kw name="Deposita" library="ContaLibrary">
<arg>${valor_deposito}</arg>
<status status="PASS" starttime="20211120 19:47:54.703" endtime="20211120 19:47:54.703"/>
</kw>
<kw name="Obter Saldo" library="ContaLibrary">
<var>${saldo_final}</var>
<msg timestamp="20211120 19:47:54.703" level="INFO">${saldo_final} = 100.0</msg>
<status status="PASS" starttime="20211120 19:47:54.703" endtime="20211120 19:47:54.703"/>
</kw>
<kw name="Should Be Equal" library="BuiltIn">
<arg>${saldo_final}</arg>
<arg>${valor_deposito}</arg>
<doc>Fails if the given objects are unequal.</doc>
<status status="PASS" starttime="20211120 19:47:54.703" endtime="20211120 19:47:54.704"/>
</kw>
<status status="PASS" starttime="20211120 19:47:54.702" endtime="20211120 19:47:54.704"/>
</test>
<test id="s1-t3" name="Withdrawl">
<kw name="Abrir Conta" library="ContaLibrary">
<status status="PASS" starttime="20211120 19:47:54.705" endtime="20211120 19:47:54.705"/>
</kw>
<kw name="Convert To Number" library="BuiltIn">
<var>${valor_deposito}</var>
<arg>100</arg>
<doc>Converts the given item to a floating point number.</doc>
<msg timestamp="20211120 19:47:54.705" level="INFO">${valor_deposito} = 100.0</msg>
<status status="PASS" starttime="20211120 19:47:54.705" endtime="20211120 19:47:54.705"/>
</kw>
<kw name="Deposita" library="ContaLibrary">
<arg>${valor_deposito}</arg>
<status status="PASS" starttime="20211120 19:47:54.706" endtime="20211120 19:47:54.706"/>
</kw>
<kw name="Obter Saldo" library="ContaLibrary">
<var>${saldo_final}</var>
<msg timestamp="20211120 19:47:54.707" level="INFO">${saldo_final} = 100.0</msg>
<status status="PASS" starttime="20211120 19:47:54.707" endtime="20211120 19:47:54.707"/>
</kw>
<kw name="Convert To Number" library="BuiltIn">
<var>${valor_saque}</var>
<arg>100</arg>
<doc>Converts the given item to a floating point number.</doc>
<msg timestamp="20211120 19:47:54.707" level="INFO">${valor_saque} = 100.0</msg>
<status status="PASS" starttime="20211120 19:47:54.707" endtime="20211120 19:47:54.707"/>
</kw>
<kw name="Saca" library="ContaLibrary">
<arg>${valor_saque}</arg>
<status status="PASS" starttime="20211120 19:47:54.708" endtime="20211120 19:47:54.708"/>
</kw>
<kw name="Evaluate" library="BuiltIn">
<var>${saldo_esperado}</var>
<arg>${saldo_final} - ${valor_saque} - 2</arg>
<doc>Evaluates the given expression in Python and returns the result.</doc>
<msg timestamp="20211120 19:47:54.708" level="INFO">${saldo_esperado} = -2.0</msg>
<status status="PASS" starttime="20211120 19:47:54.708" endtime="20211120 19:47:54.708"/>
</kw>
<kw name="Obter Saldo" library="ContaLibrary">
<var>${saldo_final}</var>
<msg timestamp="20211120 19:47:54.709" level="INFO">${saldo_final} = -2.0</msg>
<status status="PASS" starttime="20211120 19:47:54.708" endtime="20211120 19:47:54.709"/>
</kw>
<kw name="Should Be Equal" library="BuiltIn">
<arg>${saldo_final}</arg>
<arg>${saldo_esperado}</arg>
<doc>Fails if the given objects are unequal.</doc>
<status status="PASS" starttime="20211120 19:47:54.709" endtime="20211120 19:47:54.709"/>
</kw>
<status status="PASS" starttime="20211120 19:47:54.705" endtime="20211120 19:47:54.709"/>
</test>
<doc>Switch for ContaLibrary Class</doc>
<status status="PASS" starttime="20211120 19:47:54.672" endtime="20211120 19:47:54.710"/>
</suite>
<statistics>
<total>
<stat pass="3" fail="0" skip="0">All Tests</stat>
</total>
<tag>
</tag>
<suite>
<stat pass="3" fail="0" skip="0" id="s1" name="Conta">Conta</stat>
</suite>
</statistics>
<errors>
</errors>
</robot>
