<?xml version="1.0" encoding="UTF-8"?>
<robot generator="Robot 4.1.2 (Python 3.10.0 on win32)" generated="20211120 20:19:44.002" rpa="false" schemaversion="2">
<suite id="s1" name="Variablees" source="C:\RobotXpert\qaninja_robotframework_from0\start\variablees.robot">
<test id="s1-t1" name="Example 01">
<kw name="Test" library="name">
<var>${name}</var>
<msg timestamp="20211120 20:19:44.038" level="INFO">${name} = ALECGOL</msg>
<status status="PASS" starttime="20211120 20:19:44.037" endtime="20211120 20:19:44.038"/>
</kw>
<kw name="Set Suite Variable" library="BuiltIn">
<arg>${name}</arg>
<doc>Makes a variable available everywhere within the scope of the current suite.</doc>
<msg timestamp="20211120 20:19:44.038" level="INFO">${name} = ALECGOL</msg>
<status status="PASS" starttime="20211120 20:19:44.038" endtime="20211120 20:19:44.038"/>
</kw>
<kw name="Log To Console" library="BuiltIn">
<arg>${name}</arg>
<doc>Logs the given message to the console.</doc>
<status status="PASS" starttime="20211120 20:19:44.038" endtime="20211120 20:19:44.039"/>
</kw>
<status status="PASS" starttime="20211120 20:19:44.037" endtime="20211120 20:19:44.039"/>
</test>
<test id="s1-t2" name="Example 02">
<kw name="Log To Console" library="BuiltIn">
<arg>${NICKNAME}</arg>
<doc>Logs the given message to the console.</doc>
<status status="PASS" starttime="20211120 20:19:44.040" endtime="20211120 20:19:44.040"/>
</kw>
<status status="PASS" starttime="20211120 20:19:44.040" endtime="20211120 20:19:44.041"/>
</test>
<doc>Variables Examples</doc>
<status status="PASS" starttime="20211120 20:19:44.003" endtime="20211120 20:19:44.042"/>
</suite>
<statistics>
<total>
<stat pass="2" fail="0" skip="0">All Tests</stat>
</total>
<tag>
</tag>
<suite>
<stat pass="2" fail="0" skip="0" id="s1" name="Variablees">Variablees</stat>
</suite>
</statistics>
<errors>
</errors>
</robot>
