<?xml version="1.0" encoding="UTF-8"?>
<robot generator="Robot 4.1.2 (Python 3.10.0 on win32)" generated="20211119 08:54:32.177" rpa="false" schemaversion="2">
<suite id="s1" name="Conta" source="C:\RobotXpert\start\conta.robot">
<test id="s1-t1" name="ZERO BALANCE">
<kw name="Abrir Conta" library="ContaLibrary">
<status status="PASS" starttime="20211119 08:54:32.205" endtime="20211119 08:54:32.205"/>
</kw>
<kw name="Obter Saldo" library="ContaLibrary">
<var>${saldo_final}</var>
<msg timestamp="20211119 08:54:32.206" level="INFO">${saldo_final} = 0.0</msg>
<status status="PASS" starttime="20211119 08:54:32.206" endtime="20211119 08:54:32.206"/>
</kw>
<kw name="Convert To Number" library="BuiltIn">
<var>${saldo_esperado}</var>
<arg>0.0</arg>
<doc>Converts the given item to a floating point number.</doc>
<msg timestamp="20211119 08:54:32.207" level="INFO">${saldo_esperado} = 0.0</msg>
<status status="PASS" starttime="20211119 08:54:32.206" endtime="20211119 08:54:32.207"/>
</kw>
<kw name="Should Be Equal" library="BuiltIn">
<arg>${saldo_final}</arg>
<arg>${saldo_esperado}</arg>
<doc>Fails if the given objects are unequal.</doc>
<status status="PASS" starttime="20211119 08:54:32.207" endtime="20211119 08:54:32.207"/>
</kw>
<status status="PASS" starttime="20211119 08:54:32.205" endtime="20211119 08:54:32.208"/>
</test>
<test id="s1-t2" name="Deposit">
<kw name="Abrir Conta" library="ContaLibrary">
<status status="PASS" starttime="20211119 08:54:32.209" endtime="20211119 08:54:32.209"/>
</kw>
<kw name="Convert To Number" library="BuiltIn">
<var>${valor_deposito}</var>
<arg>100</arg>
<doc>Converts the given item to a floating point number.</doc>
<msg timestamp="20211119 08:54:32.209" level="INFO">${valor_deposito} = 100.0</msg>
<status status="PASS" starttime="20211119 08:54:32.209" endtime="20211119 08:54:32.209"/>
</kw>
<kw name="Deposita" library="ContaLibrary">
<arg>${valor_deposito}</arg>
<status status="PASS" starttime="20211119 08:54:32.209" endtime="20211119 08:54:32.209"/>
</kw>
<kw name="Obter Saldo" library="ContaLibrary">
<var>${saldo_final}</var>
<msg timestamp="20211119 08:54:32.210" level="INFO">${saldo_final} = 100.0</msg>
<status status="PASS" starttime="20211119 08:54:32.210" endtime="20211119 08:54:32.210"/>
</kw>
<kw name="Should Be Equal" library="BuiltIn">
<arg>${saldo_final}</arg>
<arg>${valor_deposito}</arg>
<doc>Fails if the given objects are unequal.</doc>
<status status="PASS" starttime="20211119 08:54:32.210" endtime="20211119 08:54:32.210"/>
</kw>
<status status="PASS" starttime="20211119 08:54:32.208" endtime="20211119 08:54:32.211"/>
</test>
<test id="s1-t3" name="Withdrawl">
<kw name="Abrir Conta" library="ContaLibrary">
<status status="PASS" starttime="20211119 08:54:32.212" endtime="20211119 08:54:32.212"/>
</kw>
<kw name="Convert To Number" library="BuiltIn">
<var>${valor_deposito}</var>
<arg>100</arg>
<doc>Converts the given item to a floating point number.</doc>
<msg timestamp="20211119 08:54:32.213" level="INFO">${valor_deposito} = 100.0</msg>
<status status="PASS" starttime="20211119 08:54:32.213" endtime="20211119 08:54:32.213"/>
</kw>
<kw name="Deposita" library="ContaLibrary">
<arg>${valor_deposito}</arg>
<status status="PASS" starttime="20211119 08:54:32.213" endtime="20211119 08:54:32.213"/>
</kw>
<kw name="Obter Saldo" library="ContaLibrary">
<var>${saldo_final}</var>
<msg timestamp="20211119 08:54:32.214" level="INFO">${saldo_final} = 100.0</msg>
<status status="PASS" starttime="20211119 08:54:32.214" endtime="20211119 08:54:32.214"/>
</kw>
<kw name="Convert To Number" library="BuiltIn">
<var>${valor_saque}</var>
<arg>100</arg>
<doc>Converts the given item to a floating point number.</doc>
<msg timestamp="20211119 08:54:32.214" level="INFO">${valor_saque} = 100.0</msg>
<status status="PASS" starttime="20211119 08:54:32.214" endtime="20211119 08:54:32.214"/>
</kw>
<kw name="Saca" library="ContaLibrary">
<arg>${valor_saque}</arg>
<status status="PASS" starttime="20211119 08:54:32.214" endtime="20211119 08:54:32.214"/>
</kw>
<kw name="Evaluate" library="BuiltIn">
<var>${saldo_esperado}</var>
<arg>${saldo_final} - ${valor_saque} - 2</arg>
<doc>Evaluates the given expression in Python and returns the result.</doc>
<msg timestamp="20211119 08:54:32.215" level="INFO">${saldo_esperado} = -2.0</msg>
<status status="PASS" starttime="20211119 08:54:32.215" endtime="20211119 08:54:32.215"/>
</kw>
<kw name="Obter Saldo" library="ContaLibrary">
<var>${saldo_final}</var>
<msg timestamp="20211119 08:54:32.215" level="INFO">${saldo_final} = -2.0</msg>
<status status="PASS" starttime="20211119 08:54:32.215" endtime="20211119 08:54:32.215"/>
</kw>
<kw name="Should Be Equal" library="BuiltIn">
<arg>${saldo_final}</arg>
<arg>${saldo_esperado}</arg>
<doc>Fails if the given objects are unequal.</doc>
<status status="PASS" starttime="20211119 08:54:32.215" endtime="20211119 08:54:32.216"/>
</kw>
<status status="PASS" starttime="20211119 08:54:32.212" endtime="20211119 08:54:32.217"/>
</test>
<doc>Switch for ContaLibrary Class</doc>
<status status="PASS" starttime="20211119 08:54:32.178" endtime="20211119 08:54:32.218"/>
</suite>
<statistics>
<total>
<stat pass="3" fail="0" skip="0">All Tests</stat>
</total>
<tag>
</tag>
<suite>
<stat pass="3" fail="0" skip="0" id="s1" name="Conta">Conta</stat>
</suite>
</statistics>
<errors>
</errors>
</robot>
